app/build/intermediates/manifest_merge_blame_file/debug/manifest-merger-blame-debug-report.txt
1<?xml version="1.0" encoding="utf-8"?>
2<manifest xmlns:android="http://schemas.android.com/apk/res/android"
3    package="com.example.legato"
4    android:versionCode="1"
5    android:versionName="1.0" >
6
7    <uses-sdk
8        android:minSdkVersion="28"
9        android:targetSdkVersion="34" />
10
11    <queries>
11-->[com.android.car.ui:car-ui-lib:2.5.1] AndroidManifest.xml:23:5-34:15
12
13        <!-- Required for querying the IME service at runtime -->
14        <intent>
14-->[com.android.car.ui:car-ui-lib:2.5.1] AndroidManifest.xml:26:9-28:18
15            <action android:name="android.view.InputMethod" />
15-->[com.android.car.ui:car-ui-lib:2.5.1] AndroidManifest.xml:27:13-63
15-->[com.android.car.ui:car-ui-lib:2.5.1] AndroidManifest.xml:27:21-60
16        </intent>
17        <!-- Required for querying the plugin at runtime -->
18        <provider
18-->[com.android.car.ui:car-ui-lib:2.5.1] AndroidManifest.xml:30:9-33:67
19            android:name="com.android.car.ui.plugin.PluginNameProvider"
19-->[com.android.car.ui:car-ui-lib:2.5.1] AndroidManifest.xml:31:13-72
20            android:authorities="com.android.car.ui.plugin" />
20-->[com.android.car.ui:car-ui-lib:2.5.1] AndroidManifest.xml:32:13-60
21    </queries>
22
23    <permission
23-->[androidx.core:core:1.9.0] AndroidManifest.xml:22:5-24:47
24        android:name="com.example.legato.DYNAMIC_RECEIVER_NOT_EXPORTED_PERMISSION"
24-->[androidx.core:core:1.9.0] AndroidManifest.xml:23:9-81
25        android:protectionLevel="signature" />
25-->[androidx.core:core:1.9.0] AndroidManifest.xml:24:9-44
26
27    <uses-permission android:name="com.example.legato.DYNAMIC_RECEIVER_NOT_EXPORTED_PERMISSION" />
27-->[androidx.core:core:1.9.0] AndroidManifest.xml:26:5-97
27-->[androidx.core:core:1.9.0] AndroidManifest.xml:26:22-94
28
29    <application
29-->src\main\AndroidManifest.xml:5:5-28:19
30        android:allowBackup="true"
30-->src\main\AndroidManifest.xml:6:9-35
31        android:appComponentFactory="androidx.core.app.CoreComponentFactory"
31-->[androidx.core:core:1.9.0] AndroidManifest.xml:28:18-86
32        android:dataExtractionRules="@xml/data_extraction_rules"
32-->src\main\AndroidManifest.xml:7:9-65
33        android:debuggable="true"
34        android:extractNativeLibs="false"
35        android:fullBackupContent="@xml/backup_rules"
35-->src\main\AndroidManifest.xml:8:9-54
36        android:icon="@mipmap/ic_launcher"
36-->src\main\AndroidManifest.xml:9:9-43
37        android:label="@string/app_name"
37-->src\main\AndroidManifest.xml:10:9-41
38        android:roundIcon="@mipmap/ic_launcher_round"
38-->src\main\AndroidManifest.xml:11:9-54
39        android:supportsRtl="true"
39-->src\main\AndroidManifest.xml:12:9-35
40        android:testOnly="true"
41        android:theme="@style/Theme.Legato" >
41-->src\main\AndroidManifest.xml:13:9-44
42        <activity
42-->src\main\AndroidManifest.xml:15:9-23:20
43            android:name="com.example.legato.MainActivity"
43-->src\main\AndroidManifest.xml:16:13-41
44            android:exported="true" >
44-->src\main\AndroidManifest.xml:17:13-36
45            <intent-filter>
45-->src\main\AndroidManifest.xml:18:13-22:29
46                <action android:name="android.intent.action.MAIN" />
46-->src\main\AndroidManifest.xml:19:17-69
46-->src\main\AndroidManifest.xml:19:25-66
47
48                <category android:name="android.intent.category.LAUNCHER" />
48-->src\main\AndroidManifest.xml:21:17-77
48-->src\main\AndroidManifest.xml:21:27-74
49            </intent-filter>
50        </activity>
51        <activity android:name="com.example.legato.Cadastro" />
51-->src\main\AndroidManifest.xml:24:9-45
51-->src\main\AndroidManifest.xml:24:19-43
52        <activity android:name="com.example.legato.Home" />
52-->src\main\AndroidManifest.xml:25:9-41
52-->src\main\AndroidManifest.xml:25:19-39
53        <activity android:name="com.example.legato.comunidade" />
53-->src\main\AndroidManifest.xml:26:9-47
53-->src\main\AndroidManifest.xml:26:19-45
54        <activity android:name="com.example.legato.perfil" />
54-->src\main\AndroidManifest.xml:27:9-43
54-->src\main\AndroidManifest.xml:27:19-41
55
56        <provider
56-->[com.android.car.ui:car-ui-lib:2.5.1] AndroidManifest.xml:37:9-42:71
57            android:name="com.android.car.ui.core.CarUiInstaller"
57-->[com.android.car.ui:car-ui-lib:2.5.1] AndroidManifest.xml:38:13-66
58            android:authorities="com.example.legato.CarUiInstaller"
58-->[com.android.car.ui:car-ui-lib:2.5.1] AndroidManifest.xml:39:13-66
59            android:directBootAware="true"
59-->[com.android.car.ui:car-ui-lib:2.5.1] AndroidManifest.xml:40:13-43
60            android:exported="false"
60-->[com.android.car.ui:car-ui-lib:2.5.1] AndroidManifest.xml:41:13-37
61            android:process="@string/car_ui_installer_process_name" />
61-->[com.android.car.ui:car-ui-lib:2.5.1] AndroidManifest.xml:42:13-68
62        <provider
62-->[com.android.car.ui:car-ui-lib:2.5.1] AndroidManifest.xml:43:9-48:79
63            android:name="com.android.car.ui.core.SearchResultsProvider"
63-->[com.android.car.ui:car-ui-lib:2.5.1] AndroidManifest.xml:44:13-73
64            android:authorities="com.example.legato.SearchResultsProvider"
64-->[com.android.car.ui:car-ui-lib:2.5.1] AndroidManifest.xml:45:13-73
65            android:exported="true"
65-->[com.android.car.ui:car-ui-lib:2.5.1] AndroidManifest.xml:46:13-36
66            android:process="@string/car_ui_installer_process_name"
66-->[com.android.car.ui:car-ui-lib:2.5.1] AndroidManifest.xml:47:13-68
67            android:readPermission="com.android.car.ui.READ_SEARCH_RESULTS" />
67-->[com.android.car.ui:car-ui-lib:2.5.1] AndroidManifest.xml:48:13-76
68        <provider
68-->[androidx.emoji2:emoji2:1.2.0] AndroidManifest.xml:24:9-32:20
69            android:name="androidx.startup.InitializationProvider"
69-->[androidx.emoji2:emoji2:1.2.0] AndroidManifest.xml:25:13-67
70            android:authorities="com.example.legato.androidx-startup"
70-->[androidx.emoji2:emoji2:1.2.0] AndroidManifest.xml:26:13-68
71            android:exported="false" >
71-->[androidx.emoji2:emoji2:1.2.0] AndroidManifest.xml:27:13-37
72            <meta-data
72-->[androidx.emoji2:emoji2:1.2.0] AndroidManifest.xml:29:13-31:52
73                android:name="androidx.emoji2.text.EmojiCompatInitializer"
73-->[androidx.emoji2:emoji2:1.2.0] AndroidManifest.xml:30:17-75
74                android:value="androidx.startup" />
74-->[androidx.emoji2:emoji2:1.2.0] AndroidManifest.xml:31:17-49
75            <meta-data
75-->[androidx.lifecycle:lifecycle-process:2.4.1] AndroidManifest.xml:31:13-33:52
76                android:name="androidx.lifecycle.ProcessLifecycleInitializer"
76-->[androidx.lifecycle:lifecycle-process:2.4.1] AndroidManifest.xml:32:17-78
77                android:value="androidx.startup" />
77-->[androidx.lifecycle:lifecycle-process:2.4.1] AndroidManifest.xml:33:17-49
78        </provider>
79    </application>
80
81</manifest>